<?xml version="1.0" encoding="UTF-8"?>
<!-- Generated by org.testng.reporters.JUnitReportReporter -->
<testsuite hostname="SWARAJ" failures="0" tests="1" name="com.bdd.runner.TestRunner" time="3.327" errors="0" timestamp="2024-08-10T13:16:56 IST" skipped="0">
  <testcase classname="com.bdd.runner.TestRunner" name="runScenario" time="3.327"/>
</testsuite> <!-- com.bdd.runner.TestRunner -->
